Traceback (most recent call last):
  File "/opt/hostedtoolcache/Python/3.9.16/x64/lib/python3.9/site-packages/jupyter_cache/executors/utils.py", line 58, in single_nb_execution
    executenb(
  File "/opt/hostedtoolcache/Python/3.9.16/x64/lib/python3.9/site-packages/nbclient/client.py", line 1204, in execute
    return NotebookClient(nb=nb, resources=resources, km=km, **kwargs).execute()
  File "/opt/hostedtoolcache/Python/3.9.16/x64/lib/python3.9/site-packages/nbclient/util.py", line 84, in wrapped
    return just_run(coro(*args, **kwargs))
  File "/opt/hostedtoolcache/Python/3.9.16/x64/lib/python3.9/site-packages/nbclient/util.py", line 62, in just_run
    return loop.run_until_complete(coro)
  File "/opt/hostedtoolcache/Python/3.9.16/x64/lib/python3.9/asyncio/base_events.py", line 647, in run_until_complete
    return future.result()
  File "/opt/hostedtoolcache/Python/3.9.16/x64/lib/python3.9/site-packages/nbclient/client.py", line 663, in async_execute
    await self.async_execute_cell(
  File "/opt/hostedtoolcache/Python/3.9.16/x64/lib/python3.9/site-packages/nbclient/client.py", line 965, in async_execute_cell
    await self._check_raise_for_error(cell, cell_index, exec_reply)
  File "/opt/hostedtoolcache/Python/3.9.16/x64/lib/python3.9/site-packages/nbclient/client.py", line 862, in _check_raise_for_error
    raise CellExecutionError.from_cell_and_msg(cell, exec_reply_content)
nbclient.exceptions.CellExecutionError: An error occurred while executing the following cell:
------------------
qs.reports.basic(portfolio.returns(init_capital=10000))
------------------

[0;31m---------------------------------------------------------------------------[0m
[0;31mTypeError[0m                                 Traceback (most recent call last)
Cell [0;32mIn[6], line 1[0m
[0;32m----> 1[0m [43mqs[49m[38;5;241;43m.[39;49m[43mreports[49m[38;5;241;43m.[39;49m[43mbasic[49m[43m([49m[43mportfolio[49m[38;5;241;43m.[39;49m[43mreturns[49m[43m([49m[43minit_capital[49m[38;5;241;43m=[39;49m[38;5;241;43m10000[39;49m[43m)[49m[43m)[49m

File [0;32m/opt/hostedtoolcache/Python/3.9.16/x64/lib/python3.9/site-packages/quantstats/reports.py:352[0m, in [0;36mbasic[0;34m(returns, benchmark, rf, grayscale, figsize, display, compounded, periods_per_year, match_dates)[0m
[1;32m    349[0m     [38;5;28mprint[39m([38;5;124m'[39m[38;5;130;01m\n[39;00m[38;5;130;01m\n[39;00m[38;5;124m'[39m)
[1;32m    350[0m     [38;5;28mprint[39m([38;5;124m'[39m[38;5;124m[Strategy Visualization][39m[38;5;130;01m\n[39;00m[38;5;124mvia Matplotlib[39m[38;5;124m'[39m)
[0;32m--> 352[0m [43mplots[49m[43m([49m[43mreturns[49m[38;5;241;43m=[39;49m[43mreturns[49m[43m,[49m[43m [49m[43mbenchmark[49m[38;5;241;43m=[39;49m[43mbenchmark[49m[43m,[49m
[1;32m    353[0m [43m      [49m[43mgrayscale[49m[38;5;241;43m=[39;49m[43mgrayscale[49m[43m,[49m[43m [49m[43mfigsize[49m[38;5;241;43m=[39;49m[43mfigsize[49m[43m,[49m[43m [49m[43mmode[49m[38;5;241;43m=[39;49m[38;5;124;43m'[39;49m[38;5;124;43mbasic[39;49m[38;5;124;43m'[39;49m[43m,[49m
[1;32m    354[0m [43m      [49m[43mperiods_per_year[49m[38;5;241;43m=[39;49m[43mperiods_per_year[49m[43m,[49m
[1;32m    355[0m [43m      [49m[43mprepare_returns[49m[38;5;241;43m=[39;49m[38;5;28;43;01mFalse[39;49;00m[43m)[49m

File [0;32m/opt/hostedtoolcache/Python/3.9.16/x64/lib/python3.9/site-packages/quantstats/reports.py:654[0m, in [0;36mplots[0;34m(returns, benchmark, grayscale, figsize, mode, compounded, periods_per_year, prepare_returns, match_dates)[0m
[1;32m    649[0m [38;5;28;01mif[39;00m mode[38;5;241m.[39mlower() [38;5;241m!=[39m [38;5;124m'[39m[38;5;124mfull[39m[38;5;124m'[39m:
[1;32m    650[0m     _plots[38;5;241m.[39msnapshot(returns, grayscale[38;5;241m=[39mgrayscale,
[1;32m    651[0m                     figsize[38;5;241m=[39m(figsize[[38;5;241m0[39m], figsize[[38;5;241m0[39m]),
[1;32m    652[0m                     show[38;5;241m=[39m[38;5;28;01mTrue[39;00m, mode[38;5;241m=[39m([38;5;124m"[39m[38;5;124mcomp[39m[38;5;124m"[39m [38;5;28;01mif[39;00m compounded [38;5;28;01melse[39;00m [38;5;124m"[39m[38;5;124msum[39m[38;5;124m"[39m))
[0;32m--> 654[0m     [43m_plots[49m[38;5;241;43m.[39;49m[43mmonthly_heatmap[49m[43m([49m[43mreturns[49m[43m,[49m[43m [49m[43mgrayscale[49m[38;5;241;43m=[39;49m[43mgrayscale[49m[43m,[49m
[1;32m    655[0m [43m                           [49m[43mfigsize[49m[38;5;241;43m=[39;49m[43m([49m[43mfigsize[49m[43m[[49m[38;5;241;43m0[39;49m[43m][49m[43m,[49m[43m [49m[43mfigsize[49m[43m[[49m[38;5;241;43m0[39;49m[43m][49m[38;5;241;43m*[39;49m[38;5;241;43m.5[39;49m[43m)[49m[43m,[49m
[1;32m    656[0m [43m                           [49m[43mshow[49m[38;5;241;43m=[39;49m[38;5;28;43;01mTrue[39;49;00m[43m,[49m[43m [49m[43mylabel[49m[38;5;241;43m=[39;49m[38;5;28;43;01mFalse[39;49;00m[43m,[49m
[1;32m    657[0m [43m                           [49m[43mcompounded[49m[38;5;241;43m=[39;49m[43mcompounded[49m[43m)[49m
[1;32m    659[0m     [38;5;28;01mreturn[39;00m
[1;32m    661[0m [38;5;66;03m# prepare timeseries[39;00m

File [0;32m/opt/hostedtoolcache/Python/3.9.16/x64/lib/python3.9/site-packages/quantstats/_plotting/wrappers.py:629[0m, in [0;36mmonthly_heatmap[0;34m(returns, annot_size, figsize, cbar, square, compounded, eoy, grayscale, fontname, ylabel, savefig, show)[0m
[1;32m    620[0m [38;5;28;01mdef[39;00m [38;5;21mmonthly_heatmap[39m(returns, annot_size[38;5;241m=[39m[38;5;241m10[39m, figsize[38;5;241m=[39m([38;5;241m10[39m, [38;5;241m5[39m),
[1;32m    621[0m                     cbar[38;5;241m=[39m[38;5;28;01mTrue[39;00m, square[38;5;241m=[39m[38;5;28;01mFalse[39;00m,
[1;32m    622[0m                     compounded[38;5;241m=[39m[38;5;28;01mTrue[39;00m, eoy[38;5;241m=[39m[38;5;28;01mFalse[39;00m,
[0;32m   (...)[0m
[1;32m    625[0m 
[1;32m    626[0m     [38;5;66;03m# colors, ls, alpha = _core._get_colors(grayscale)[39;00m
[1;32m    627[0m     cmap [38;5;241m=[39m [38;5;124m'[39m[38;5;124mgray[39m[38;5;124m'[39m [38;5;28;01mif[39;00m grayscale [38;5;28;01melse[39;00m [38;5;124m'[39m[38;5;124mRdYlGn[39m[38;5;124m'[39m
[0;32m--> 629[0m     returns [38;5;241m=[39m [43m_stats[49m[38;5;241;43m.[39;49m[43mmonthly_returns[49m[43m([49m[43mreturns[49m[43m,[49m[43m [49m[43meoy[49m[38;5;241;43m=[39;49m[43meoy[49m[43m,[49m
[1;32m    630[0m [43m                                     [49m[43mcompounded[49m[38;5;241;43m=[39;49m[43mcompounded[49m[43m)[49m [38;5;241m*[39m [38;5;241m100[39m
[1;32m    632[0m     fig_height [38;5;241m=[39m [38;5;28mlen[39m(returns) [38;5;241m/[39m [38;5;241m3[39m
[1;32m    634[0m     [38;5;28;01mif[39;00m figsize [38;5;129;01mis[39;00m [38;5;28;01mNone[39;00m:

File [0;32m/opt/hostedtoolcache/Python/3.9.16/x64/lib/python3.9/site-packages/quantstats/stats.py:968[0m, in [0;36mmonthly_returns[0;34m(returns, eoy, compounded, prepare_returns)[0m
[1;32m    965[0m returns[[38;5;124m'[39m[38;5;124mMonth[39m[38;5;124m'[39m] [38;5;241m=[39m returns[38;5;241m.[39mindex[38;5;241m.[39mstrftime([38;5;124m'[39m[38;5;124m%[39m[38;5;124mb[39m[38;5;124m'[39m)
[1;32m    967[0m [38;5;66;03m# make pivot table[39;00m
[0;32m--> 968[0m returns [38;5;241m=[39m [43mreturns[49m[38;5;241;43m.[39;49m[43mpivot[49m[43m([49m[38;5;124;43m'[39;49m[38;5;124;43mYear[39;49m[38;5;124;43m'[39;49m[43m,[49m[43m [49m[38;5;124;43m'[39;49m[38;5;124;43mMonth[39;49m[38;5;124;43m'[39;49m[43m,[49m[43m [49m[38;5;124;43m'[39;49m[38;5;124;43mReturns[39;49m[38;5;124;43m'[39;49m[43m)[49m[38;5;241m.[39mfillna([38;5;241m0[39m)
[1;32m    970[0m [38;5;66;03m# handle missing months[39;00m
[1;32m    971[0m [38;5;28;01mfor[39;00m month [38;5;129;01min[39;00m [[38;5;124m'[39m[38;5;124mJan[39m[38;5;124m'[39m, [38;5;124m'[39m[38;5;124mFeb[39m[38;5;124m'[39m, [38;5;124m'[39m[38;5;124mMar[39m[38;5;124m'[39m, [38;5;124m'[39m[38;5;124mApr[39m[38;5;124m'[39m, [38;5;124m'[39m[38;5;124mMay[39m[38;5;124m'[39m, [38;5;124m'[39m[38;5;124mJun[39m[38;5;124m'[39m,
[1;32m    972[0m               [38;5;124m'[39m[38;5;124mJul[39m[38;5;124m'[39m, [38;5;124m'[39m[38;5;124mAug[39m[38;5;124m'[39m, [38;5;124m'[39m[38;5;124mSep[39m[38;5;124m'[39m, [38;5;124m'[39m[38;5;124mOct[39m[38;5;124m'[39m, [38;5;124m'[39m[38;5;124mNov[39m[38;5;124m'[39m, [38;5;124m'[39m[38;5;124mDec[39m[38;5;124m'[39m]:

[0;31mTypeError[0m: pivot() takes 1 positional argument but 4 were given
TypeError: pivot() takes 1 positional argument but 4 were given

