Traceback (most recent call last):
  File "/home/runner/work/cs/cs/.venv/lib/python3.10/site-packages/jupyter_cache/executors/utils.py", line 58, in single_nb_execution
    executenb(
  File "/home/runner/work/cs/cs/.venv/lib/python3.10/site-packages/nbclient/client.py", line 1314, in execute
    return NotebookClient(nb=nb, resources=resources, km=km, **kwargs).execute()
  File "/home/runner/work/cs/cs/.venv/lib/python3.10/site-packages/jupyter_core/utils/__init__.py", line 165, in wrapped
    return loop.run_until_complete(inner)
  File "/usr/lib/python3.10/asyncio/base_events.py", line 649, in run_until_complete
    return future.result()
  File "/home/runner/work/cs/cs/.venv/lib/python3.10/site-packages/nbclient/client.py", line 709, in async_execute
    await self.async_execute_cell(
  File "/home/runner/work/cs/cs/.venv/lib/python3.10/site-packages/nbclient/client.py", line 1062, in async_execute_cell
    await self._check_raise_for_error(cell, cell_index, exec_reply)
  File "/home/runner/work/cs/cs/.venv/lib/python3.10/site-packages/nbclient/client.py", line 918, in _check_raise_for_error
    raise CellExecutionError.from_cell_and_msg(cell, exec_reply_content)
nbclient.exceptions.CellExecutionError: An error occurred while executing the following cell:
------------------
T = time.time()
correlation = corr.value

returns_adj = prices.apply(returns_adjust, com=vola.value, clip=winsor.value)

# DCC by Engle
cor = returns_adj.ewm(com=correlation, min_periods=correlation).corr()

mu = np.tanh(returns_adj.cumsum().apply(osc)).values
vo = prices.pct_change().ewm(com=vola.value, min_periods=vola.value).std().values

builder = FuturesBuilder(prices=prices, aum=1e8)

for n, (t, state) in enumerate(builder):
    mask = state.mask
    matrix = shrink2id(cor.loc[t[-1]].values, lamb=shrinkage.value)[mask, :][:, mask]
    expected_mu = np.nan_to_num(mu[n][mask])
    expected_vo = np.nan_to_num(vo[n][mask])
    risk_position = solve(matrix, expected_mu) / inv_a_norm(expected_mu, matrix)
    builder.cashposition = 1e6*risk_position / expected_vo

portfolio = builder.build()
print(time.time()-T)

------------------

----- stderr -----
/home/runner/work/cs/cs/.venv/lib/python3.10/site-packages/pandas/core/arraylike.py:399: RuntimeWarning: invalid value encountered in log
  result = getattr(ufunc, method)(*inputs, **kwargs)
------------------

[0;31m---------------------------------------------------------------------------[0m
[0;31mAttributeError[0m                            Traceback (most recent call last)
Cell [0;32mIn[4], line 12[0m
[1;32m      9[0m mu [38;5;241m=[39m np[38;5;241m.[39mtanh(returns_adj[38;5;241m.[39mcumsum()[38;5;241m.[39mapply(osc))[38;5;241m.[39mvalues
[1;32m     10[0m vo [38;5;241m=[39m prices[38;5;241m.[39mpct_change()[38;5;241m.[39mewm(com[38;5;241m=[39mvola[38;5;241m.[39mvalue, min_periods[38;5;241m=[39mvola[38;5;241m.[39mvalue)[38;5;241m.[39mstd()[38;5;241m.[39mvalues
[0;32m---> 12[0m builder [38;5;241m=[39m [43mFuturesBuilder[49m[43m([49m[43mprices[49m[38;5;241;43m=[39;49m[43mprices[49m[43m,[49m[43m [49m[43maum[49m[38;5;241;43m=[39;49m[38;5;241;43m1e8[39;49m[43m)[49m
[1;32m     14[0m [38;5;28;01mfor[39;00m n, (t, state) [38;5;129;01min[39;00m [38;5;28menumerate[39m(builder):
[1;32m     15[0m     mask [38;5;241m=[39m state[38;5;241m.[39mmask

File [0;32m<string>:7[0m, in [0;36m__init__[0;34m(self, prices, _state, _units, aum)[0m

File [0;32m~/work/cs/cs/.venv/lib/python3.10/site-packages/cvx/simulator/futures/builder.py:48[0m, in [0;36mFuturesBuilder.__post_init__[0;34m(self)[0m
[1;32m     34[0m [38;5;28;01mdef[39;00m [38;5;21m__post_init__[39m([38;5;28mself[39m) [38;5;241m-[39m[38;5;241m>[39m [38;5;28;01mNone[39;00m:
[1;32m     35[0m [38;5;250m    [39m[38;5;124;03m"""[39;00m
[1;32m     36[0m [38;5;124;03m    The __post_init__ method is a special method of initialized instances[39;00m
[1;32m     37[0m [38;5;124;03m    of the _Builder class and is called after initialization.[39;00m
[0;32m   (...)[0m
[1;32m     45[0m [38;5;124;03m    is called automatically after the object initialization.[39;00m
[1;32m     46[0m [38;5;124;03m    """[39;00m
[0;32m---> 48[0m     [38;5;28;43msuper[39;49m[43m([49m[43m)[49m[38;5;241;43m.[39;49m[43m__post_init__[49m[43m([49m[43m)[49m
[1;32m     49[0m     [38;5;28mself[39m[38;5;241m.[39m_state [38;5;241m=[39m FuturesState()

File [0;32m~/work/cs/cs/.venv/lib/python3.10/site-packages/cvx/simulator/_abc/builder.py:54[0m, in [0;36mBuilder.__post_init__[0;34m(self)[0m
[1;32m     48[0m [38;5;28;01massert[39;00m [38;5;28mself[39m[38;5;241m.[39mprices[38;5;241m.[39mindex[38;5;241m.[39mis_monotonic_increasing
[1;32m     49[0m [38;5;28;01massert[39;00m [38;5;28mself[39m[38;5;241m.[39mprices[38;5;241m.[39mindex[38;5;241m.[39mis_unique
[1;32m     51[0m [38;5;28mself[39m[38;5;241m.[39m_units [38;5;241m=[39m pd[38;5;241m.[39mDataFrame(
[1;32m     52[0m     index[38;5;241m=[39m[38;5;28mself[39m[38;5;241m.[39mprices[38;5;241m.[39mindex,
[1;32m     53[0m     columns[38;5;241m=[39m[38;5;28mself[39m[38;5;241m.[39mprices[38;5;241m.[39mcolumns,
[0;32m---> 54[0m     data[38;5;241m=[39m[43mnp[49m[38;5;241;43m.[39;49m[43mNaN[49m,
[1;32m     55[0m     dtype[38;5;241m=[39m[38;5;28mfloat[39m,
[1;32m     56[0m )

File [0;32m~/work/cs/cs/.venv/lib/python3.10/site-packages/numpy/__init__.py:400[0m, in [0;36m__getattr__[0;34m(attr)[0m
[1;32m    397[0m     [38;5;28;01mraise[39;00m [38;5;167;01mAttributeError[39;00m(__former_attrs__[attr], name[38;5;241m=[39m[38;5;28;01mNone[39;00m)
[1;32m    399[0m [38;5;28;01mif[39;00m attr [38;5;129;01min[39;00m __expired_attributes__:
[0;32m--> 400[0m     [38;5;28;01mraise[39;00m [38;5;167;01mAttributeError[39;00m(
[1;32m    401[0m         [38;5;124mf[39m[38;5;124m"[39m[38;5;124m`np.[39m[38;5;132;01m{[39;00mattr[38;5;132;01m}[39;00m[38;5;124m` was removed in the NumPy 2.0 release. [39m[38;5;124m"[39m
[1;32m    402[0m         [38;5;124mf[39m[38;5;124m"[39m[38;5;132;01m{[39;00m__expired_attributes__[attr][38;5;132;01m}[39;00m[38;5;124m"[39m,
[1;32m    403[0m         name[38;5;241m=[39m[38;5;28;01mNone[39;00m
[1;32m    404[0m     )
[1;32m    406[0m [38;5;28;01mif[39;00m attr [38;5;241m==[39m [38;5;124m"[39m[38;5;124mchararray[39m[38;5;124m"[39m:
[1;32m    407[0m     warnings[38;5;241m.[39mwarn(
[1;32m    408[0m         [38;5;124m"[39m[38;5;124m`np.chararray` is deprecated and will be removed from [39m[38;5;124m"[39m
[1;32m    409[0m         [38;5;124m"[39m[38;5;124mthe main namespace in the future. Use an array with a string [39m[38;5;124m"[39m
[1;32m    410[0m         [38;5;124m"[39m[38;5;124mor bytes dtype instead.[39m[38;5;124m"[39m, [38;5;167;01mDeprecationWarning[39;00m, stacklevel[38;5;241m=[39m[38;5;241m2[39m)

[0;31mAttributeError[0m: `np.NaN` was removed in the NumPy 2.0 release. Use `np.nan` instead.

